<?xml version="1.0" encoding="UTF-8"?>
<!-- Generated by org.testng.reporters.JUnitReportReporter -->
<testsuite hostname="DESKTOP-A8BL1MV" failures="0" tests="3" name="org.parallelExe.MethodLevel" time="0.024" errors="0" timestamp="10 Nov 2020 17:02:06 GMT" skipped="0">
  <testcase classname="org.parallelExe.MethodLevel" name="method5" time="0.000"/>
  <testcase classname="org.parallelExe.MethodLevel" name="method3" time="0.002"/>
  <testcase classname="org.parallelExe.MethodLevel" name="method1" time="0.022"/>
</testsuite> <!-- org.parallelExe.MethodLevel -->
