<?xml version="1.0" encoding="UTF-8"?>
<!-- Generated by org.testng.reporters.JUnitReportReporter -->
<testsuite hostname="DESKTOP-A8BL1MV" failures="0" tests="2" name="org.parallelExe.TestLevel" time="0.026" errors="0" timestamp="10 Nov 2020 17:02:06 GMT" skipped="0">
  <testcase classname="org.parallelExe.TestLevel" name="method14" time="0.004"/>
  <testcase classname="org.parallelExe.TestLevel" name="method12" time="0.022"/>
</testsuite> <!-- org.parallelExe.TestLevel -->
