<?xml version="1.0" encoding="UTF-8"?>
<!-- Generated by org.testng.reporters.JUnitReportReporter -->
<testsuite hostname="DESKTOP-A8BL1MV" failures="0" tests="5" name="org.testng.AssertDemo" time="2.391" errors="0" timestamp="03 Nov 2020 13:43:13 GMT" skipped="0">
  <testcase classname="org.testng.AssertDemo" name="ClickBtn" time="0.156"/>
  <testcase classname="org.testng.AssertDemo" name="selectOption" time="1.333"/>
  <testcase classname="org.testng.AssertDemo" name="clickGender" time="0.175"/>
  <testcase classname="org.testng.AssertDemo" name="enterPass" time="0.213"/>
  <testcase classname="org.testng.AssertDemo" name="enterName" time="0.514"/>
</testsuite> <!-- org.testng.AssertDemo -->
