<?xml version="1.0" encoding="UTF-8"?>
<!-- Generated by org.testng.reporters.JUnitReportReporter -->
<testsuite hostname="DESKTOP-A8BL1MV" failures="0" tests="10" name="org.testng.DataProviderTestCase" time="161.396" errors="0" timestamp="08 Nov 2020 12:29:04 GMT" skipped="0">
  <testcase classname="org.testng.DataProviderTestCase" name="method" time="16.135"/>
  <testcase classname="org.testng.DataProviderTestCase" name="method" time="12.947"/>
  <testcase classname="org.testng.DataProviderTestCase" name="method" time="21.420"/>
  <testcase classname="org.testng.DataProviderTestCase" name="method" time="14.089"/>
  <testcase classname="org.testng.DataProviderTestCase" name="method" time="16.275"/>
  <testcase classname="org.testng.DataProviderTestCase" name="method" time="16.290"/>
  <testcase classname="org.testng.DataProviderTestCase" name="method" time="17.188"/>
  <testcase classname="org.testng.DataProviderTestCase" name="method" time="14.145"/>
  <testcase classname="org.testng.DataProviderTestCase" name="method" time="14.417"/>
  <testcase classname="org.testng.DataProviderTestCase" name="method" time="18.490"/>
</testsuite> <!-- org.testng.DataProviderTestCase -->
