<?xml version="1.0" encoding="UTF-8"?>
<!-- Generated by org.testng.reporters.JUnitReportReporter -->
<testsuite hostname="DESKTOP-A8BL1MV" failures="0" tests="5" name="org.testng.AssertDemoTestcase" time="2.454" errors="0" timestamp="03 Nov 2020 14:07:21 GMT" skipped="0">
  <testcase classname="org.testng.AssertDemoTestcase" name="ClickBtn" time="0.173"/>
  <testcase classname="org.testng.AssertDemoTestcase" name="selectOption" time="1.489"/>
  <testcase classname="org.testng.AssertDemoTestcase" name="clickGender" time="0.197"/>
  <testcase classname="org.testng.AssertDemoTestcase" name="enterPass" time="0.196"/>
  <testcase classname="org.testng.AssertDemoTestcase" name="enterName" time="0.399"/>
</testsuite> <!-- org.testng.AssertDemoTestcase -->
