<?xml version="1.0" encoding="UTF-8"?>
<!-- Generated by org.testng.reporters.JUnitReportReporter -->
<testsuite hostname="DESKTOP-A8BL1MV" failures="0" tests="5" name="org.parallelExe.ClassLevel" time="0.027" errors="0" timestamp="10 Nov 2020 17:02:06 GMT" skipped="0">
  <testcase classname="org.parallelExe.ClassLevel" name="method22" time="0.000"/>
  <testcase classname="org.parallelExe.ClassLevel" name="method25" time="0.003"/>
  <testcase classname="org.parallelExe.ClassLevel" name="method23" time="0.000"/>
  <testcase classname="org.parallelExe.ClassLevel" name="method21" time="0.022"/>
  <testcase classname="org.parallelExe.ClassLevel" name="method24" time="0.002"/>
</testsuite> <!-- org.parallelExe.ClassLevel -->
