<?xml version="1.0" encoding="UTF-8"?>
<!-- Generated by org.testng.reporters.JUnitReportReporter -->
<testsuite hostname="DESKTOP-A8BL1MV" failures="0" tests="3" name="org.testng.SampleTest" time="0.010" errors="0" timestamp="05 Nov 2020 05:13:54 GMT" skipped="1">
  <testcase classname="org.testng.SampleTest" name="test" time="0.008"/>
  <testcase classname="org.testng.SampleTest" name="test2t" time="0.002"/>
  <testcase classname="org.testng.SampleTest" name="tes1t">
    <skipped/>
  </testcase> <!-- tes1t -->
</testsuite> <!-- org.testng.SampleTest -->
